[INFO] Scanning for projects...
[INFO] ------------------------------------------------------------------------
[INFO] Reactor Build Order:
[INFO] 
[INFO] infobip-noc-voice                                                  [pom]
[INFO] infobip-noc-voice-connector                                        [jar]
[INFO] infobip-noc-voice-service                                          [jar]
[INFO] infobip-noc-voice-smoke-test                                       [jar]
[INFO] 
[INFO] -----------------< org.infobip.noc:infobip-noc-voice >------------------
[INFO] Building infobip-noc-voice 4.0.1-SNAPSHOT                          [1/4]
[INFO] --------------------------------[ pom ]---------------------------------
[INFO] 
[INFO] --- kotlin-maven-plugin:1.3.31:compile (compile) @ infobip-noc-voice ---
[WARNING] No sources found skipping Kotlin compile
[INFO] 
[INFO] --- maven-compiler-plugin:3.8.0:compile (java-compile) @ infobip-noc-voice ---
[INFO] No sources to compile
[INFO] 
[INFO] ------------< org.infobip.noc:infobip-noc-voice-connector >-------------
[INFO] Building infobip-noc-voice-connector 4.0.1-SNAPSHOT                [2/4]
[INFO] --------------------------------[ jar ]---------------------------------
[INFO] 
[INFO] --- maven-resources-plugin:2.6:resources (default-resources) @ infobip-noc-voice-connector ---
[INFO] Using 'UTF-8' encoding to copy filtered resources.
[INFO] skip non existing resourceDirectory /home/ejahijagic/projects/argusTeam/all-temp/projects/infobip-noc-voice/infobip-noc-voice-connector/src/main/resources
[INFO] 
[INFO] --- kotlin-maven-plugin:1.3.31:compile (compile) @ infobip-noc-voice-connector ---
[WARNING] No sources found skipping Kotlin compile
[INFO] 
[INFO] --- maven-compiler-plugin:3.8.0:compile (java-compile) @ infobip-noc-voice-connector ---
[INFO] Nothing to compile - all classes are up to date
[INFO] 
[INFO] -------------< org.infobip.noc:infobip-noc-voice-service >--------------
[INFO] Building infobip-noc-voice-service 4.0.1-SNAPSHOT                  [3/4]
[INFO] --------------------------------[ jar ]---------------------------------
[WARNING] The POM for com.sun.xml.bind:jaxb-core:jar:2.2.11 is invalid, transitive dependencies (if any) will not be available, enable debug logging for more details
[WARNING] The POM for com.sun.xml.bind:jaxb-impl:jar:2.2.11 is invalid, transitive dependencies (if any) will not be available, enable debug logging for more details
[INFO] 
[INFO] --- maven-resources-plugin:2.6:resources (default-resources) @ infobip-noc-voice-service ---
[INFO] Using 'UTF-8' encoding to copy filtered resources.
[INFO] skip non existing resourceDirectory /home/ejahijagic/projects/argusTeam/all-temp/projects/infobip-noc-voice/infobip-noc-voice-service/target/www
[INFO] Copying 23 resources
[INFO] 
[INFO] --- kotlin-maven-plugin:1.3.31:compile (compile) @ infobip-noc-voice-service ---
[WARNING] No sources found skipping Kotlin compile
[INFO] 
[INFO] --- maven-compiler-plugin:3.8.0:compile (java-compile) @ infobip-noc-voice-service ---
[INFO] Changes detected - recompiling the module!
[INFO] Compiling 147 source files to /home/ejahijagic/projects/argusTeam/all-temp/projects/infobip-noc-voice/infobip-noc-voice-service/target/classes
[INFO] /home/ejahijagic/projects/argusTeam/all-temp/projects/infobip-noc-voice/infobip-noc-voice-service/src/main/java/org/infobip/noc/voice/service/AggregationPeriodHazelcastService.java: Some input files use or override a deprecated API.
[INFO] /home/ejahijagic/projects/argusTeam/all-temp/projects/infobip-noc-voice/infobip-noc-voice-service/src/main/java/org/infobip/noc/voice/service/AggregationPeriodHazelcastService.java: Recompile with -Xlint:deprecation for details.
[INFO] /home/ejahijagic/projects/argusTeam/all-temp/projects/infobip-noc-voice/infobip-noc-voice-service/src/main/java/org/infobip/noc/voice/service/ProxyStoredProcedureService.java: Some input files use unchecked or unsafe operations.
[INFO] /home/ejahijagic/projects/argusTeam/all-temp/projects/infobip-noc-voice/infobip-noc-voice-service/src/main/java/org/infobip/noc/voice/service/ProxyStoredProcedureService.java: Recompile with -Xlint:unchecked for details.
[INFO] 
[INFO] ------------< org.infobip.noc:infobip-noc-voice-smoke-test >------------
[INFO] Building infobip-noc-voice-smoke-test 4.0.1-SNAPSHOT               [4/4]
[INFO] --------------------------------[ jar ]---------------------------------
[WARNING] The POM for com.google.guava:guava:jar:19.0.20150826 is missing, no dependency information available
[INFO] 
[INFO] --- maven-resources-plugin:2.6:resources (default-resources) @ infobip-noc-voice-smoke-test ---
[INFO] Using 'UTF-8' encoding to copy filtered resources.
[INFO] skip non existing resourceDirectory /home/ejahijagic/projects/argusTeam/all-temp/projects/infobip-noc-voice/infobip-noc-voice-smoke-test/src/main/resources
[INFO] 
[INFO] --- kotlin-maven-plugin:1.3.31:compile (compile) @ infobip-noc-voice-smoke-test ---
[WARNING] No sources found skipping Kotlin compile
[INFO] 
[INFO] --- maven-compiler-plugin:3.8.0:compile (java-compile) @ infobip-noc-voice-smoke-test ---
[INFO] No sources to compile
[INFO] ------------------------------------------------------------------------
[INFO] Reactor Summary for infobip-noc-voice 4.0.1-SNAPSHOT:
[INFO] 
[INFO] infobip-noc-voice .................................. SUCCESS [  0.880 s]
[INFO] infobip-noc-voice-connector ........................ SUCCESS [  0.415 s]
[INFO] infobip-noc-voice-service .......................... SUCCESS [  9.044 s]
[INFO] infobip-noc-voice-smoke-test ....................... SUCCESS [  0.165 s]
[INFO] ------------------------------------------------------------------------
[INFO] BUILD SUCCESS
[INFO] ------------------------------------------------------------------------
[INFO] Total time:  10.902 s
[INFO] Finished at: 2020-04-23T14:20:43+02:00
[INFO] ------------------------------------------------------------------------
