[INFO] Scanning for projects...
[WARNING] 
[WARNING] Some problems were encountered while building the effective model for org.infobip.noc:infobip-noc-dlr-service:jar:3.0.2-SNAPSHOT
[WARNING] 'dependencies.dependency.version' for org.jetbrains:annotations:jar is either LATEST or RELEASE (both of them are being deprecated) @ org.infobip.noc:infobip-noc-dlr-service:[unknown-version], /home/ejahijagic/projects/argusTeam/all-temp/projects/infobip-noc-dlr/infobip-noc-dlr-service/pom.xml, line 232, column 22
[WARNING] 
[WARNING] Some problems were encountered while building the effective model for org.infobip.noc:infobip-noc-dlr-connector:jar:3.0.2-SNAPSHOT
[WARNING] 'build.plugins.plugin.version' for org.apache.maven.plugins:maven-javadoc-plugin is missing. @ org.infobip.noc:infobip-noc-dlr-connector:[unknown-version], /home/ejahijagic/projects/argusTeam/all-temp/projects/infobip-noc-dlr/infobip-noc-dlr-connector/pom.xml, line 32, column 21
[WARNING] 
[WARNING] It is highly recommended to fix these problems because they threaten the stability of your build.
[WARNING] 
[WARNING] For this reason, future Maven versions might no longer support building such malformed projects.
[WARNING] 
[INFO] ------------------------------------------------------------------------
[INFO] Reactor Build Order:
[INFO] 
[INFO] infobip-noc-dlr                                                    [pom]
[INFO] infobip-noc-dlr-connector                                          [jar]
[INFO] infobip-noc-dlr-service                                            [jar]
[INFO] infobip-noc-dlr-smoke-test                                         [jar]
[INFO] 
[INFO] ------------------< org.infobip.noc:infobip-noc-dlr >-------------------
[INFO] Building infobip-noc-dlr 3.0.2-SNAPSHOT                            [1/4]
[INFO] --------------------------------[ pom ]---------------------------------
[INFO] 
[INFO] --- kotlin-maven-plugin:1.3.31:compile (compile) @ infobip-noc-dlr ---
[WARNING] No sources found skipping Kotlin compile
[INFO] 
[INFO] --- maven-compiler-plugin:3.8.0:compile (java-compile) @ infobip-noc-dlr ---
[INFO] No sources to compile
[INFO] 
[INFO] -------------< org.infobip.noc:infobip-noc-dlr-connector >--------------
[INFO] Building infobip-noc-dlr-connector 3.0.2-SNAPSHOT                  [2/4]
[INFO] --------------------------------[ jar ]---------------------------------
[INFO] 
[INFO] --- maven-resources-plugin:2.6:resources (default-resources) @ infobip-noc-dlr-connector ---
[INFO] Using 'UTF-8' encoding to copy filtered resources.
[INFO] skip non existing resourceDirectory /home/ejahijagic/projects/argusTeam/all-temp/projects/infobip-noc-dlr/infobip-noc-dlr-connector/src/main/resources
[INFO] 
[INFO] --- kotlin-maven-plugin:1.3.31:compile (compile) @ infobip-noc-dlr-connector ---
[WARNING] No sources found skipping Kotlin compile
[INFO] 
[INFO] --- maven-compiler-plugin:3.8.0:compile (java-compile) @ infobip-noc-dlr-connector ---
[INFO] Nothing to compile - all classes are up to date
[INFO] 
[INFO] --------------< org.infobip.noc:infobip-noc-dlr-service >---------------
[INFO] Building infobip-noc-dlr-service 3.0.2-SNAPSHOT                    [3/4]
[INFO] --------------------------------[ jar ]---------------------------------
[WARNING] The POM for com.sun.xml.bind:jaxb-core:jar:2.2.11 is invalid, transitive dependencies (if any) will not be available, enable debug logging for more details
[WARNING] The POM for com.sun.xml.bind:jaxb-impl:jar:2.2.11 is invalid, transitive dependencies (if any) will not be available, enable debug logging for more details
[INFO] 
[INFO] --- maven-resources-plugin:2.6:resources (default-resources) @ infobip-noc-dlr-service ---
[INFO] Using 'UTF-8' encoding to copy filtered resources.
[INFO] Copying 90 resources
[INFO] 
[INFO] --- kotlin-maven-plugin:1.3.31:compile (compile) @ infobip-noc-dlr-service ---
[WARNING] No sources found skipping Kotlin compile
[INFO] 
[INFO] --- maven-compiler-plugin:3.8.0:compile (java-compile) @ infobip-noc-dlr-service ---
[INFO] Nothing to compile - all classes are up to date
[INFO] 
[INFO] -------------< org.infobip.noc:infobip-noc-dlr-smoke-test >-------------
[INFO] Building infobip-noc-dlr-smoke-test 3.0.2-SNAPSHOT                 [4/4]
[INFO] --------------------------------[ jar ]---------------------------------
[WARNING] The POM for com.google.guava:guava:jar:19.0.20150826 is missing, no dependency information available
[INFO] 
[INFO] --- maven-resources-plugin:2.6:resources (default-resources) @ infobip-noc-dlr-smoke-test ---
[INFO] Using 'UTF-8' encoding to copy filtered resources.
[INFO] skip non existing resourceDirectory /home/ejahijagic/projects/argusTeam/all-temp/projects/infobip-noc-dlr/infobip-noc-dlr-smoke-test/src/main/resources
[INFO] 
[INFO] --- kotlin-maven-plugin:1.3.31:compile (compile) @ infobip-noc-dlr-smoke-test ---
[WARNING] No sources found skipping Kotlin compile
[INFO] 
[INFO] --- maven-compiler-plugin:3.8.0:compile (java-compile) @ infobip-noc-dlr-smoke-test ---
[INFO] No sources to compile
[INFO] ------------------------------------------------------------------------
[INFO] Reactor Summary for infobip-noc-dlr 3.0.2-SNAPSHOT:
[INFO] 
[INFO] infobip-noc-dlr .................................... SUCCESS [  1.015 s]
[INFO] infobip-noc-dlr-connector .......................... SUCCESS [  0.392 s]
[INFO] infobip-noc-dlr-service ............................ SUCCESS [  1.388 s]
[INFO] infobip-noc-dlr-smoke-test ......................... SUCCESS [  0.344 s]
[INFO] ------------------------------------------------------------------------
[INFO] BUILD SUCCESS
[INFO] ------------------------------------------------------------------------
[INFO] Total time:  3.526 s
[INFO] Finished at: 2020-04-23T14:19:51+02:00
[INFO] ------------------------------------------------------------------------
