[INFO] Scanning for projects...
[WARNING] 
[WARNING] Some problems were encountered while building the effective model for org.infobip.noc:infobip-noc-hlr-service:jar:3.0.2-SNAPSHOT
[WARNING] 'dependencies.dependency.version' for org.jetbrains:annotations:jar is either LATEST or RELEASE (both of them are being deprecated) @ org.infobip.noc:infobip-noc-hlr-service:[unknown-version], /home/ejahijagic/projects/argusTeam/all-temp/projects/infobip-noc-hlr/infobip-noc-hlr-service/pom.xml, line 208, column 22
[WARNING] 
[WARNING] Some problems were encountered while building the effective model for org.infobip.noc:infobip-noc-hlr-connector:jar:3.0.2-SNAPSHOT
[WARNING] 'build.plugins.plugin.version' for org.apache.maven.plugins:maven-javadoc-plugin is missing. @ org.infobip.noc:infobip-noc-hlr-connector:[unknown-version], /home/ejahijagic/projects/argusTeam/all-temp/projects/infobip-noc-hlr/infobip-noc-hlr-connector/pom.xml, line 33, column 21
[WARNING] 
[WARNING] It is highly recommended to fix these problems because they threaten the stability of your build.
[WARNING] 
[WARNING] For this reason, future Maven versions might no longer support building such malformed projects.
[WARNING] 
[INFO] ------------------------------------------------------------------------
[INFO] Reactor Build Order:
[INFO] 
[INFO] infobip-noc-hlr                                                    [pom]
[INFO] infobip-noc-hlr-connector                                          [jar]
[INFO] infobip-noc-hlr-service                                            [jar]
[INFO] 
[INFO] ------------------< org.infobip.noc:infobip-noc-hlr >-------------------
[INFO] Building infobip-noc-hlr 3.0.2-SNAPSHOT                            [1/3]
[INFO] --------------------------------[ pom ]---------------------------------
[INFO] 
[INFO] --- kotlin-maven-plugin:1.3.31:compile (compile) @ infobip-noc-hlr ---
[WARNING] No sources found skipping Kotlin compile
[INFO] 
[INFO] --- maven-compiler-plugin:3.8.0:compile (java-compile) @ infobip-noc-hlr ---
[INFO] No sources to compile
[INFO] 
[INFO] -------------< org.infobip.noc:infobip-noc-hlr-connector >--------------
[INFO] Building infobip-noc-hlr-connector 3.0.2-SNAPSHOT                  [2/3]
[INFO] --------------------------------[ jar ]---------------------------------
[INFO] 
[INFO] --- maven-resources-plugin:2.6:resources (default-resources) @ infobip-noc-hlr-connector ---
[INFO] Using 'UTF-8' encoding to copy filtered resources.
[INFO] skip non existing resourceDirectory /home/ejahijagic/projects/argusTeam/all-temp/projects/infobip-noc-hlr/infobip-noc-hlr-connector/src/main/resources
[INFO] 
[INFO] --- kotlin-maven-plugin:1.3.31:compile (compile) @ infobip-noc-hlr-connector ---
[WARNING] No sources found skipping Kotlin compile
[INFO] 
[INFO] --- maven-compiler-plugin:3.8.0:compile (java-compile) @ infobip-noc-hlr-connector ---
[INFO] Nothing to compile - all classes are up to date
[INFO] 
[INFO] --------------< org.infobip.noc:infobip-noc-hlr-service >---------------
[INFO] Building infobip-noc-hlr-service 3.0.2-SNAPSHOT                    [3/3]
[INFO] --------------------------------[ jar ]---------------------------------
[WARNING] The POM for com.sun.xml.bind:jaxb-core:jar:2.2.11 is invalid, transitive dependencies (if any) will not be available, enable debug logging for more details
[WARNING] The POM for com.sun.xml.bind:jaxb-impl:jar:2.2.11 is invalid, transitive dependencies (if any) will not be available, enable debug logging for more details
[INFO] 
[INFO] --- maven-resources-plugin:2.6:resources (default-resources) @ infobip-noc-hlr-service ---
[INFO] Using 'UTF-8' encoding to copy filtered resources.
[INFO] Copying 102 resources
[INFO] 
[INFO] --- kotlin-maven-plugin:1.3.31:compile (compile) @ infobip-noc-hlr-service ---
[WARNING] No sources found skipping Kotlin compile
[INFO] 
[INFO] --- maven-compiler-plugin:3.8.0:compile (java-compile) @ infobip-noc-hlr-service ---
[INFO] Nothing to compile - all classes are up to date
[INFO] ------------------------------------------------------------------------
[INFO] Reactor Summary for infobip-noc-hlr 3.0.2-SNAPSHOT:
[INFO] 
[INFO] infobip-noc-hlr .................................... SUCCESS [  0.928 s]
[INFO] infobip-noc-hlr-connector .......................... SUCCESS [  0.408 s]
[INFO] infobip-noc-hlr-service ............................ SUCCESS [  1.614 s]
[INFO] ------------------------------------------------------------------------
[INFO] BUILD SUCCESS
[INFO] ------------------------------------------------------------------------
[INFO] Total time:  3.298 s
[INFO] Finished at: 2020-04-23T14:20:03+02:00
[INFO] ------------------------------------------------------------------------
